<?xml version="1.0" encoding="UTF-8"?>
<!-- Generated by org.testng.reporters.JUnitReportReporter -->
<testsuite skipped="0" hostname="sameer" name="testNgPrograms.FirstTestNgWebScript" tests="1" failures="0" timestamp="2023-02-22T19:18:20 IST" time="3.786" errors="0">
  <testcase name="testCase1" time="3.786" classname="testNgPrograms.FirstTestNgWebScript"/>
  <system-out/>
</testsuite> <!-- testNgPrograms.FirstTestNgWebScript -->
