<?xml version="1.0" encoding="UTF-8"?>
<!-- Generated by org.testng.reporters.JUnitReportReporter -->
<testsuite skipped="0" hostname="sameer" name="testNg.Annotations" tests="1" failures="0" timestamp="27 Dec 2022 13:18:08 GMT" time="0.002" errors="0">
  <testcase name="taskCreation" time="0.002" classname="testNg.Annotations"/>
</testsuite> <!-- testNg.Annotations -->
