<?xml version="1.0" encoding="UTF-8"?>
<!-- Generated by org.testng.reporters.JUnitReportReporter -->
<testsuite skipped="0" hostname="sameer" name="testNgPrograms.ClassLabelAnnotations" tests="4" failures="0" timestamp="2023-03-20T16:49:07 IST" time="0.011" errors="0">
  <testcase name="testCase1" time="0.009" classname="testNgPrograms.ClassLabelAnnotations"/>
  <system-out/>
  <testcase name="testCase3" time="0.000" classname="testNgPrograms.ClassLabelAnnotations"/>
  <system-out/>
  <testcase name="testCase4" time="0.001" classname="testNgPrograms.ClassLabelAnnotations"/>
  <system-out/>
  <testcase name="testCase2" time="0.001" classname="testNgPrograms.ClassLabelAnnotations"/>
  <system-out/>
</testsuite> <!-- testNgPrograms.ClassLabelAnnotations -->
