<?xml version="1.0" encoding="UTF-8"?>
<!-- Generated by org.testng.reporters.JUnitReportReporter -->
<testsuite skipped="0" hostname="sameer" name="testScript.TestLoginPage" tests="1" failures="0" timestamp="04 Jan 2023 10:05:35 GMT" time="6.687" errors="0">
  <testcase name="testVtigerLogin" time="6.687" classname="testScript.TestLoginPage"/>
</testsuite> <!-- testScript.TestLoginPage -->
