<?xml version="1.0" encoding="UTF-8"?>
<!-- Generated by org.testng.reporters.JUnitReportReporter -->
<testsuite skipped="0" hostname="sameer" name="testNgPrograms.IncludeAndExcludeTestMethods" tests="2" failures="0" timestamp="2023-03-20T17:19:59 IST" time="0.005" errors="0">
  <testcase name="addDepartmentTestCase" time="0.000" classname="testNgPrograms.IncludeAndExcludeTestMethods"/>
  <system-out/>
  <testcase name="addLocationTestCase" time="0.005" classname="testNgPrograms.IncludeAndExcludeTestMethods"/>
  <system-out/>
</testsuite> <!-- testNgPrograms.IncludeAndExcludeTestMethods -->
