<?xml version="1.0" encoding="UTF-8"?>
<!-- Generated by org.testng.reporters.JUnitReportReporter -->
<testsuite skipped="0" hostname="sameer" name="testNgPrograms.Parameterization" tests="4" failures="0" timestamp="2023-03-20T17:32:37 IST" time="5.472" errors="0">
  <testcase name="testCaseTwo" time="0.000" classname="testNgPrograms.Parameterization"/>
  <system-out/>
  <testcase name="testCaseOne" time="0.006" classname="testNgPrograms.Parameterization"/>
  <system-out/>
  <testcase name="testLoginOfVtiger" time="5.465" classname="testNgPrograms.Parameterization"/>
  <system-out/>
  <testcase name="testCaseThree" time="0.001" classname="testNgPrograms.Parameterization"/>
  <system-out/>
</testsuite> <!-- testNgPrograms.Parameterization -->
