<?xml version="1.0" encoding="UTF-8"?>
<!-- Generated by org.testng.reporters.JUnitReportReporter -->
<testsuite skipped="0" hostname="sameer" name="testNgPrograms.Sample4" tests="3" failures="0" timestamp="2023-03-20T15:02:16 IST" time="0.011" errors="0">
  <testcase name="b_login" time="0.001" classname="testNgPrograms.Sample4"/>
  <system-out/>
  <testcase name="a_signUp" time="0.009" classname="testNgPrograms.Sample4"/>
  <system-out/>
  <testcase name="c_compose" time="0.001" classname="testNgPrograms.Sample4"/>
  <system-out/>
</testsuite> <!-- testNgPrograms.Sample4 -->
