<?xml version="1.0" encoding="UTF-8"?>
<!-- Generated by org.testng.reporters.JUnitReportReporter -->
<testsuite skipped="0" hostname="sameer" name="testNg.GoogleApplicationWithBeforeAfter" tests="2" failures="0" timestamp="27 Dec 2022 13:51:15 GMT" time="10.899" errors="0">
  <testcase name="testVtigerHomePage" time="3.144" classname="testNg.GoogleApplicationWithBeforeAfter"/>
  <testcase name="testReportsPage" time="7.755" classname="testNg.GoogleApplicationWithBeforeAfter"/>
</testsuite> <!-- testNg.GoogleApplicationWithBeforeAfter -->
