<?xml version="1.0" encoding="UTF-8"?>
<!-- Generated by org.testng.reporters.JUnitReportReporter -->
<testsuite skipped="0" hostname="sameer" name="testNg.Actitime_Priority" tests="4" failures="0" timestamp="27 Dec 2022 13:04:57 GMT" time="0.007" errors="0">
  <testcase name="openBrowserAndAppURL" time="0.005" classname="testNg.Actitime_Priority"/>
  <testcase name="login" time="0.000" classname="testNg.Actitime_Priority"/>
  <testcase name="createTask" time="0.001" classname="testNg.Actitime_Priority"/>
  <testcase name="logoutClose" time="0.001" classname="testNg.Actitime_Priority"/>
</testsuite> <!-- testNg.Actitime_Priority -->
