<?xml version="1.0" encoding="UTF-8"?>
<!-- Generated by org.testng.reporters.JUnitReportReporter -->
<testsuite skipped="0" hostname="sameer" name="testNg.AnnotationList" tests="1" failures="0" timestamp="27 Dec 2022 13:17:31 GMT" time="0.004" errors="0">
  <testcase name="f5" time="0.004" classname="testNg.AnnotationList"/>
</testsuite> <!-- testNg.AnnotationList -->
