<?xml version="1.0" encoding="UTF-8"?>
<!-- Generated by org.testng.reporters.JUnitReportReporter -->
<testsuite skipped="0" hostname="sameer" name="testNg.Actitime_ExceptionAndTimeout" tests="2" failures="0" timestamp="27 Dec 2022 13:03:48 GMT" time="0.510" errors="0">
  <testcase name="executetimeOut" time="0.504" classname="testNg.Actitime_ExceptionAndTimeout"/>
  <testcase name="dividedByZeroExample1" time="0.006" classname="testNg.Actitime_ExceptionAndTimeout"/>
</testsuite> <!-- testNg.Actitime_ExceptionAndTimeout -->
