<?xml version="1.0" encoding="UTF-8"?>
<!-- Generated by org.testng.reporters.JUnitReportReporter -->
<testsuite skipped="1" hostname="sameer" name="testNgPrograms.TestCaseExecutionControl" tests="4" failures="0" timestamp="2023-03-20T17:45:37 IST" time="0.006" errors="0">
  <testcase name="testCaseSignup" time="0.005" classname="testNgPrograms.TestCaseExecutionControl"/>
  <system-out/>
  <testcase name="testCaseLogin" time="0.001" classname="testNgPrograms.TestCaseExecutionControl"/>
  <system-out/>
  <testcase name="testCaseCreation" time="0.000" classname="testNgPrograms.TestCaseExecutionControl"/>
  <system-out/>
  <testcase name="testCaseDeletion" classname="testNgPrograms.TestCaseExecutionControl">
    <skipped/>
  </testcase> <!-- testCaseDeletion -->
  <system-out/>
</testsuite> <!-- testNgPrograms.TestCaseExecutionControl -->
