<?xml version="1.0" encoding="UTF-8"?>
<!-- Generated by org.testng.reporters.JUnitReportReporter -->
<testsuite skipped="0" hostname="sameer" name="testNgPrograms.Sample3" tests="3" failures="0" timestamp="2023-03-20T15:01:37 IST" time="0.009" errors="0">
  <testcase name="login" time="0.001" classname="testNgPrograms.Sample3"/>
  <system-out/>
  <testcase name="compose" time="0.006" classname="testNgPrograms.Sample3"/>
  <system-out/>
  <testcase name="signUp" time="0.002" classname="testNgPrograms.Sample3"/>
  <system-out/>
</testsuite> <!-- testNgPrograms.Sample3 -->
