<?xml version="1.0" encoding="UTF-8"?>
<!-- Generated by org.testng.reporters.JUnitReportReporter -->
<testsuite skipped="0" hostname="sameer" name="testNgPrograms.Annotations2" tests="2" failures="0" timestamp="2023-03-20T16:42:19 IST" time="18.308" errors="0">
  <testcase name="taskCreation" time="12.740" classname="testNgPrograms.Annotations2"/>
  <system-out/>
  <testcase name="deleteTask" time="5.568" classname="testNgPrograms.Annotations2"/>
  <system-out/>
</testsuite> <!-- testNgPrograms.Annotations2 -->
