<?xml version="1.0" encoding="UTF-8"?>
<!-- Generated by org.testng.reporters.JUnitReportReporter -->
<testsuite skipped="0" hostname="sameer" name="testScript.TestLeadsPage" tests="2" failures="0" timestamp="2023-03-04T18:43:53 IST" time="6.404" errors="0">
  <testcase name="testLeadDeletion" time="1.103" classname="testScript.TestLeadsPage"/>
  <system-out/>
  <testcase name="testLeadCreation" time="5.301" classname="testScript.TestLeadsPage"/>
  <system-out/>
</testsuite> <!-- testScript.TestLeadsPage -->
