<?xml version="1.0" encoding="UTF-8"?>
<!-- Generated by org.testng.reporters.JUnitReportReporter -->
<testsuite skipped="0" hostname="sameer" name="testNgPrograms.Annotations3" tests="2" failures="0" timestamp="2023-03-20T16:45:36 IST" time="0.010" errors="0">
  <testcase name="taskCreation" time="0.006" classname="testNgPrograms.Annotations3"/>
  <system-out/>
  <testcase name="deleteTask" time="0.004" classname="testNgPrograms.Annotations3"/>
  <system-out/>
</testsuite> <!-- testNgPrograms.Annotations3 -->
