<?xml version="1.0" encoding="UTF-8"?>
<!-- Generated by org.testng.reporters.JUnitReportReporter -->
<testsuite skipped="0" hostname="sameer" name="testNgPrograms.TestParallelClassOne" tests="2" failures="0" timestamp="2023-03-28T17:02:22 IST" time="0.012" errors="0">
  <testcase name="testCaseTwo" time="0.002" classname="testNgPrograms.TestParallelClassOne"/>
  <system-out/>
  <testcase name="testCaseOne" time="0.010" classname="testNgPrograms.TestParallelClassOne"/>
  <system-out/>
</testsuite> <!-- testNgPrograms.TestParallelClassOne -->
