<?xml version="1.0" encoding="UTF-8"?>
<!-- Generated by org.testng.reporters.JUnitReportReporter -->
<testsuite skipped="0" hostname="sameer" name="testNgPrograms.Sample1" tests="1" failures="0" timestamp="2023-03-20T15:00:09 IST" time="0.010" errors="0">
  <testcase name="testCase1" time="0.010" classname="testNgPrograms.Sample1"/>
  <system-out/>
</testsuite> <!-- testNgPrograms.Sample1 -->
