<?xml version="1.0" encoding="UTF-8"?>
<!-- Generated by org.testng.reporters.JUnitReportReporter -->
<testsuite skipped="0" hostname="sameer" name="testNgPrograms.Sample2" tests="3" failures="0" timestamp="2023-03-20T15:01:01 IST" time="0.008" errors="0">
  <testcase name="testCase2" time="0.001" classname="testNgPrograms.Sample2"/>
  <system-out/>
  <testcase name="testCase1" time="0.006" classname="testNgPrograms.Sample2"/>
  <system-out/>
  <testcase name="testCase3" time="0.001" classname="testNgPrograms.Sample2"/>
  <system-out/>
</testsuite> <!-- testNgPrograms.Sample2 -->
