<?xml version="1.0" encoding="UTF-8"?>
<!-- Generated by org.testng.reporters.JUnitReportReporter -->
<testsuite skipped="0" hostname="sameer" name="testNgPrograms.Actitime_Priority" tests="4" failures="0" timestamp="2023-03-20T15:12:02 IST" time="0.011" errors="0">
  <testcase name="openBrowserAndAppURL" time="0.008" classname="testNgPrograms.Actitime_Priority"/>
  <system-out/>
  <testcase name="login" time="0.002" classname="testNgPrograms.Actitime_Priority"/>
  <system-out/>
  <testcase name="createTask" time="0.001" classname="testNgPrograms.Actitime_Priority"/>
  <system-out/>
  <testcase name="logoutClose" time="0.000" classname="testNgPrograms.Actitime_Priority"/>
  <system-out/>
</testsuite> <!-- testNgPrograms.Actitime_Priority -->
