<?xml version="1.0" encoding="UTF-8"?>
<!-- Generated by org.testng.reporters.JUnitReportReporter -->
<testsuite skipped="2" hostname="sameer" name="testNgPrograms.Actitime_Enabled" tests="4" failures="0" timestamp="2023-03-20T15:10:03 IST" time="0.009" errors="0">
  <testcase name="openBrowserAndAppURL" time="0.001" classname="testNgPrograms.Actitime_Enabled"/>
  <system-out/>
  <testcase name="createTask" time="0.008" classname="testNgPrograms.Actitime_Enabled"/>
  <system-out/>
  <testcase name="login" classname="testNgPrograms.Actitime_Enabled">
    <skipped/>
  </testcase> <!-- login -->
  <system-out/>
  <testcase name="logoutClose" classname="testNgPrograms.Actitime_Enabled">
    <skipped/>
  </testcase> <!-- logoutClose -->
  <system-out/>
</testsuite> <!-- testNgPrograms.Actitime_Enabled -->
