<?xml version="1.0" encoding="UTF-8"?>
<!-- Generated by org.testng.reporters.JUnitReportReporter -->
<testsuite skipped="0" hostname="sameer" name="testNgPrograms.GroupExamples" tests="2" failures="0" timestamp="2023-03-20T17:18:44 IST" time="0.008" errors="0">
  <testcase name="testCaseThree" time="0.002" classname="testNgPrograms.GroupExamples"/>
  <system-out/>
  <testcase name="testCaseFive" time="0.006" classname="testNgPrograms.GroupExamples"/>
  <system-out/>
</testsuite> <!-- testNgPrograms.GroupExamples -->
