<?xml version="1.0" encoding="UTF-8"?>
<!-- Generated by org.testng.reporters.JUnitReportReporter -->
<testsuite skipped="0" hostname="sameer" name="testNgPrograms.ParallelExecutionOfMethods" tests="2" failures="0" timestamp="2023-03-20T17:23:35 IST" time="0.006" errors="0">
  <testcase name="testCaseTwo" time="0.000" classname="testNgPrograms.ParallelExecutionOfMethods"/>
  <system-out/>
  <testcase name="testCaseOne" time="0.006" classname="testNgPrograms.ParallelExecutionOfMethods"/>
  <system-out/>
</testsuite> <!-- testNgPrograms.ParallelExecutionOfMethods -->
