<?xml version="1.0" encoding="UTF-8"?>
<!-- Generated by org.testng.reporters.JUnitReportReporter -->
<testsuite skipped="0" hostname="sameer" name="testNg.Actitime_InvocationCount" tests="10" failures="0" timestamp="27 Dec 2022 13:04:22 GMT" time="0.012" errors="0">
  <testcase name="openBrowserAndAppURL" time="0.001" classname="testNg.Actitime_InvocationCount"/>
  <testcase name="openBrowserAndAppURL" time="0.001" classname="testNg.Actitime_InvocationCount"/>
  <testcase name="openBrowserAndAppURL" time="0.000" classname="testNg.Actitime_InvocationCount"/>
  <testcase name="openBrowserAndAppURL" time="0.006" classname="testNg.Actitime_InvocationCount"/>
  <testcase name="openBrowserAndAppURL" time="0.001" classname="testNg.Actitime_InvocationCount"/>
  <testcase name="openBrowserAndAppURL" time="0.000" classname="testNg.Actitime_InvocationCount"/>
  <testcase name="openBrowserAndAppURL" time="0.001" classname="testNg.Actitime_InvocationCount"/>
  <testcase name="openBrowserAndAppURL" time="0.000" classname="testNg.Actitime_InvocationCount"/>
  <testcase name="openBrowserAndAppURL" time="0.001" classname="testNg.Actitime_InvocationCount"/>
  <testcase name="openBrowserAndAppURL" time="0.001" classname="testNg.Actitime_InvocationCount"/>
</testsuite> <!-- testNg.Actitime_InvocationCount -->
