<?xml version="1.0" encoding="UTF-8"?>
<!-- Generated by org.testng.reporters.JUnitReportReporter -->
<testsuite skipped="0" hostname="sameer" name="testNgPrograms.GoogleApplicationWithBeforeAfterTest" tests="2" failures="0" timestamp="2023-03-20T16:54:43 IST" time="3.669" errors="0">
  <testcase name="testSearch" time="3.653" classname="testNgPrograms.GoogleApplicationWithBeforeAfterTest"/>
  <system-out/>
  <testcase name="testGoogleLandingPage" time="0.016" classname="testNgPrograms.GoogleApplicationWithBeforeAfterTest"/>
  <system-out/>
</testsuite> <!-- testNgPrograms.GoogleApplicationWithBeforeAfterTest -->
