<?xml version="1.0" encoding="UTF-8"?>
<!-- Generated by org.testng.reporters.JUnitReportReporter -->
<testsuite skipped="0" hostname="sameer" name="testNg.Sample3" tests="3" failures="0" timestamp="27 Dec 2022 12:50:02 GMT" time="0.010" errors="0">
  <testcase name="compose" time="0.007" classname="testNg.Sample3"/>
  <testcase name="signUp" time="0.002" classname="testNg.Sample3"/>
  <testcase name="login" time="0.001" classname="testNg.Sample3"/>
</testsuite> <!-- testNg.Sample3 -->
