<?xml version="1.0" encoding="UTF-8"?>
<!-- Generated by org.testng.reporters.JUnitReportReporter -->
<testsuite skipped="0" hostname="sameer" name="testNgPrograms.GoogleApplicationWithBeforeAfterMethod" tests="2" failures="0" timestamp="2023-03-20T16:53:39 IST" time="9.667" errors="0">
  <testcase name="testGoogleLandingPage" time="3.698" classname="testNgPrograms.GoogleApplicationWithBeforeAfterMethod"/>
  <system-out/>
  <testcase name="testSearch" time="5.969" classname="testNgPrograms.GoogleApplicationWithBeforeAfterMethod"/>
  <system-out/>
</testsuite> <!-- testNgPrograms.GoogleApplicationWithBeforeAfterMethod -->
