<?xml version="1.0" encoding="UTF-8"?>
<!-- Generated by org.testng.reporters.JUnitReportReporter -->
<testsuite skipped="0" hostname="sameer" name="testNg.Actitime_Timeout" tests="1" failures="0" timestamp="27 Dec 2022 13:05:29 GMT" time="0.193" errors="0">
  <testcase name="openBrowserAndAppURL" time="0.193" classname="testNg.Actitime_Timeout"/>
</testsuite> <!-- testNg.Actitime_Timeout -->
