<?xml version="1.0" encoding="UTF-8"?>
<!-- Generated by org.testng.reporters.JUnitReportReporter -->
<testsuite skipped="0" hostname="sameer" name="testNgPrograms.SetTestCaseOrder_Priority" tests="4" failures="0" timestamp="2023-03-20T17:38:58 IST" time="0.008" errors="0">
  <testcase name="testCaseSignup" time="0.005" classname="testNgPrograms.SetTestCaseOrder_Priority"/>
  <system-out/>
  <testcase name="testCaseLogin" time="0.001" classname="testNgPrograms.SetTestCaseOrder_Priority"/>
  <system-out/>
  <testcase name="testCaseDeletion" time="0.001" classname="testNgPrograms.SetTestCaseOrder_Priority"/>
  <system-out/>
  <testcase name="testCaseCreation" time="0.001" classname="testNgPrograms.SetTestCaseOrder_Priority"/>
  <system-out/>
</testsuite> <!-- testNgPrograms.SetTestCaseOrder_Priority -->
