<?xml version="1.0" encoding="UTF-8"?>
<!-- Generated by org.testng.reporters.JUnitReportReporter -->
<testsuite skipped="0" hostname="sameer" name="testNgPrograms.GoogleApplicationWithBeforeAfter" tests="2" failures="0" timestamp="2023-03-20T16:51:15 IST" time="13.821" errors="0">
  <testcase name="testVtigerHomePage" time="7.155" classname="testNgPrograms.GoogleApplicationWithBeforeAfter"/>
  <system-out/>
  <testcase name="testReportsPage" time="6.666" classname="testNgPrograms.GoogleApplicationWithBeforeAfter"/>
  <system-out/>
</testsuite> <!-- testNgPrograms.GoogleApplicationWithBeforeAfter -->
