<?xml version="1.0" encoding="UTF-8"?>
<!-- Generated by org.testng.reporters.JUnitReportReporter -->
<testsuite skipped="3" hostname="sameer" name="DataDrivenTesting.ExcelOperations" tests="10" failures="0" timestamp="28 Dec 2022 10:01:31 GMT" time="0.319" errors="0">
  <testcase name="getSheetName" time="0.001" classname="DataDrivenTesting.ExcelOperations"/>
  <testcase name="createAndInsertValueInCell" time="0.006" classname="DataDrivenTesting.ExcelOperations"/>
  <testcase name="getFirstCellValueFromEachRow" time="0.309" classname="DataDrivenTesting.ExcelOperations"/>
  <testcase name="updateCellValue" time="0.001" classname="DataDrivenTesting.ExcelOperations"/>
  <testcase name="getCompleteDataFromScepecificSheet" time="0.000" classname="DataDrivenTesting.ExcelOperations"/>
  <testcase name="getCellValueFromParticularRow" time="0.001" classname="DataDrivenTesting.ExcelOperations"/>
  <testcase name="getRowsCountFromSheet" time="0.001" classname="DataDrivenTesting.ExcelOperations"/>
  <testcase name="performRowOperations" classname="DataDrivenTesting.ExcelOperations">
    <skipped/>
  </testcase> <!-- performRowOperations -->
  <testcase name="performOperationOnSheet" classname="DataDrivenTesting.ExcelOperations">
    <skipped/>
  </testcase> <!-- performOperationOnSheet -->
  <testcase name="performOperationOnCell" classname="DataDrivenTesting.ExcelOperations">
    <skipped/>
  </testcase> <!-- performOperationOnCell -->
</testsuite> <!-- DataDrivenTesting.ExcelOperations -->
