<?xml version="1.0" encoding="UTF-8"?>
<!-- Generated by org.testng.reporters.JUnitReportReporter -->
<testsuite skipped="0" hostname="sameer" name="DataDrivenTesting.ExcelUpdate" tests="1" failures="0" timestamp="2023-02-23T11:41:55 IST" time="0.620" errors="0">
  <testcase name="updateCellDetails" time="0.620" classname="DataDrivenTesting.ExcelUpdate"/>
  <system-out/>
</testsuite> <!-- DataDrivenTesting.ExcelUpdate -->
