<?xml version="1.0" encoding="UTF-8"?>
<!-- Generated by org.testng.reporters.JUnitReportReporter -->
<testsuite skipped="0" hostname="sameer" name="JavaScriptExecutorPrograms.Example1" tests="1" failures="0" timestamp="2023-02-27T18:45:05 IST" time="8.119" errors="0">
  <testcase name="testCase1" time="8.119" classname="JavaScriptExecutorPrograms.Example1"/>
  <system-out/>
</testsuite> <!-- JavaScriptExecutorPrograms.Example1 -->
