<?xml version="1.0" encoding="UTF-8"?>
<!-- Generated by org.testng.reporters.JUnitReportReporter -->
<testsuite skipped="0" hostname="sameer" name="testNg.Sample4" tests="3" failures="0" timestamp="27 Dec 2022 12:50:33 GMT" time="0.008" errors="0">
  <testcase name="a_signUp" time="0.006" classname="testNg.Sample4"/>
  <testcase name="c_compose" time="0.000" classname="testNg.Sample4"/>
  <testcase name="b_login" time="0.002" classname="testNg.Sample4"/>
</testsuite> <!-- testNg.Sample4 -->
