<?xml version="1.0" encoding="UTF-8"?>
<!-- Generated by org.testng.reporters.JUnitReportReporter -->
<testsuite skipped="0" hostname="sameer" name="testNgPrograms.Actitime_InvocationCount" tests="10" failures="0" timestamp="2023-02-22T19:10:20 IST" time="0.012" errors="0">
  <testcase name="openBrowserAndAppURL" time="0.001" classname="testNgPrograms.Actitime_InvocationCount"/>
  <system-out/>
  <testcase name="openBrowserAndAppURL" time="0.001" classname="testNgPrograms.Actitime_InvocationCount"/>
  <system-out/>
  <testcase name="openBrowserAndAppURL" time="0.001" classname="testNgPrograms.Actitime_InvocationCount"/>
  <system-out/>
  <testcase name="openBrowserAndAppURL" time="0.001" classname="testNgPrograms.Actitime_InvocationCount"/>
  <system-out/>
  <testcase name="openBrowserAndAppURL" time="0.001" classname="testNgPrograms.Actitime_InvocationCount"/>
  <system-out/>
  <testcase name="openBrowserAndAppURL" time="0.000" classname="testNgPrograms.Actitime_InvocationCount"/>
  <system-out/>
  <testcase name="openBrowserAndAppURL" time="0.005" classname="testNgPrograms.Actitime_InvocationCount"/>
  <system-out/>
  <testcase name="openBrowserAndAppURL" time="0.000" classname="testNgPrograms.Actitime_InvocationCount"/>
  <system-out/>
  <testcase name="openBrowserAndAppURL" time="0.001" classname="testNgPrograms.Actitime_InvocationCount"/>
  <system-out/>
  <testcase name="openBrowserAndAppURL" time="0.001" classname="testNgPrograms.Actitime_InvocationCount"/>
  <system-out/>
</testsuite> <!-- testNgPrograms.Actitime_InvocationCount -->
