<?xml version="1.0" encoding="UTF-8"?>
<!-- Generated by org.testng.reporters.JUnitReportReporter -->
<testsuite skipped="0" hostname="sameer" name="testNgPrograms.DataProviderExample" tests="6" failures="0" timestamp="2023-03-20T17:02:17 IST" time="14.575" errors="0">
  <testcase name="setData" time="0.001" classname="testNgPrograms.DataProviderExample"/>
  <system-out/>
  <testcase name="setData" time="0.004" classname="testNgPrograms.DataProviderExample"/>
  <system-out/>
  <testcase name="testLoginOfVtiger" time="4.804" classname="testNgPrograms.DataProviderExample"/>
  <system-out/>
  <testcase name="setData" time="0.001" classname="testNgPrograms.DataProviderExample"/>
  <system-out/>
  <testcase name="testLoginOfVtiger" time="6.053" classname="testNgPrograms.DataProviderExample"/>
  <system-out/>
  <testcase name="testLoginOfVtiger" time="3.712" classname="testNgPrograms.DataProviderExample"/>
  <system-out/>
</testsuite> <!-- testNgPrograms.DataProviderExample -->
