<?xml version="1.0" encoding="UTF-8"?>
<!-- Generated by org.testng.reporters.JUnitReportReporter -->
<testsuite skipped="0" hostname="sameer" name="testNgPrograms.Actitime_Timeout" tests="1" failures="0" timestamp="2023-02-22T19:11:19 IST" time="0.192" errors="0">
  <testcase name="openBrowserAndAppURL" time="0.192" classname="testNgPrograms.Actitime_Timeout"/>
  <system-out/>
</testsuite> <!-- testNgPrograms.Actitime_Timeout -->
