<?xml version="1.0" encoding="UTF-8"?>
<!-- Generated by org.testng.reporters.JUnitReportReporter -->
<testsuite skipped="0" hostname="sameer" name="testNg.GoogleApplicationWithBeforeAfterTest" tests="2" failures="0" timestamp="27 Dec 2022 13:55:14 GMT" time="1.772" errors="0">
  <testcase name="testGoogleLandingPage" time="0.012" classname="testNg.GoogleApplicationWithBeforeAfterTest"/>
  <testcase name="testSearch" time="1.760" classname="testNg.GoogleApplicationWithBeforeAfterTest"/>
</testsuite> <!-- testNg.GoogleApplicationWithBeforeAfterTest -->
