<?xml version="1.0" encoding="UTF-8"?>
<!-- Generated by org.testng.reporters.JUnitReportReporter -->
<testsuite skipped="2" hostname="sameer" name="testNg.Actitime_Enabled" tests="4" failures="0" timestamp="27 Dec 2022 13:02:52 GMT" time="0.008" errors="0">
  <testcase name="createTask" time="0.007" classname="testNg.Actitime_Enabled"/>
  <testcase name="openBrowserAndAppURL" time="0.001" classname="testNg.Actitime_Enabled"/>
  <testcase name="logoutClose" classname="testNg.Actitime_Enabled">
    <skipped/>
  </testcase> <!-- logoutClose -->
  <testcase name="login" classname="testNg.Actitime_Enabled">
    <skipped/>
  </testcase> <!-- login -->
</testsuite> <!-- testNg.Actitime_Enabled -->
