<?xml version="1.0" encoding="UTF-8"?>
<!-- Generated by org.testng.reporters.JUnitReportReporter -->
<testsuite skipped="0" hostname="sameer" name="testNg.GoogleApplicationWithBeforeAfterMethod" tests="2" failures="0" timestamp="27 Dec 2022 13:54:13 GMT" time="7.896" errors="0">
  <testcase name="testGoogleLandingPage" time="2.756" classname="testNg.GoogleApplicationWithBeforeAfterMethod"/>
  <testcase name="testSearch" time="5.140" classname="testNg.GoogleApplicationWithBeforeAfterMethod"/>
</testsuite> <!-- testNg.GoogleApplicationWithBeforeAfterMethod -->
