<?xml version="1.0" encoding="UTF-8"?>
<!-- Generated by org.testng.reporters.JUnitReportReporter -->
<testsuite skipped="0" hostname="sameer" name="JavaScriptExecutorPrograms.PracticeProgram" tests="1" failures="0" timestamp="2023-03-01T14:56:10 IST" time="6.268" errors="0">
  <testcase name="FlipkartScrollProgram" time="6.268" classname="JavaScriptExecutorPrograms.PracticeProgram"/>
  <system-out/>
</testsuite> <!-- JavaScriptExecutorPrograms.PracticeProgram -->
