<?xml version="1.0" encoding="UTF-8"?>
<!-- Generated by org.testng.reporters.JUnitReportReporter -->
<testsuite skipped="0" hostname="sameer" name="testNg.Sample2" tests="3" failures="0" timestamp="27 Dec 2022 12:49:25 GMT" time="0.010" errors="0">
  <testcase name="testCase1" time="0.008" classname="testNg.Sample2"/>
  <testcase name="testCase3" time="0.001" classname="testNg.Sample2"/>
  <testcase name="testCase2" time="0.001" classname="testNg.Sample2"/>
</testsuite> <!-- testNg.Sample2 -->
