<?xml version="1.0" encoding="UTF-8"?>
<!-- Generated by org.testng.reporters.JUnitReportReporter -->
<testsuite skipped="0" hostname="sameer" name="testScript.TestContactPage" tests="2" failures="0" timestamp="04 Jan 2023 16:28:52 GMT" time="8.223" errors="0">
  <testcase name="testContactsCreation" time="6.955" classname="testScript.TestContactPage"/>
  <testcase name="testDeletionCreation" time="1.268" classname="testScript.TestContactPage"/>
</testsuite> <!-- testScript.TestContactPage -->
