<?xml version="1.0" encoding="UTF-8"?>
<!-- Generated by org.testng.reporters.JUnitReportReporter -->
<testsuite skipped="0" hostname="sameer" name="testNgPrograms.Actitime_ExceptionAndTimeout" tests="2" failures="0" timestamp="2023-03-20T15:11:11 IST" time="0.524" errors="0">
  <testcase name="executetimeOut" time="0.517" classname="testNgPrograms.Actitime_ExceptionAndTimeout"/>
  <system-out/>
  <testcase name="dividedByZeroExample1" time="0.007" classname="testNgPrograms.Actitime_ExceptionAndTimeout"/>
  <system-out/>
</testsuite> <!-- testNgPrograms.Actitime_ExceptionAndTimeout -->
