<?xml version="1.0" encoding="UTF-8"?>
<!-- Generated by org.testng.reporters.JUnitReportReporter -->
<testsuite skipped="0" hostname="sameer" name="testNg.ClassLabelAnnotations" tests="4" failures="0" timestamp="27 Dec 2022 13:06:02 GMT" time="0.009" errors="0">
  <testcase name="testCase1" time="0.007" classname="testNg.ClassLabelAnnotations"/>
  <testcase name="testCase2" time="0.001" classname="testNg.ClassLabelAnnotations"/>
  <testcase name="testCase4" time="0.001" classname="testNg.ClassLabelAnnotations"/>
  <testcase name="testCase3" time="0.000" classname="testNg.ClassLabelAnnotations"/>
</testsuite> <!-- testNg.ClassLabelAnnotations -->
