<?xml version="1.0" encoding="UTF-8"?>
<!-- Generated by org.testng.reporters.JUnitReportReporter -->
<testsuite skipped="0" hostname="sameer" name="DataDrivenTesting.ActitimeLogin" tests="1" failures="0" timestamp="2023-03-21T12:41:02 IST" time="8.101" errors="0">
  <testcase name="actitimeLogin" time="8.101" classname="DataDrivenTesting.ActitimeLogin"/>
  <system-out/>
</testsuite> <!-- DataDrivenTesting.ActitimeLogin -->
