<?xml version="1.0" encoding="UTF-8"?>
<!-- Generated by org.testng.reporters.JUnitReportReporter -->
<testsuite skipped="0" hostname="sameer" name="testNg.Sample1" tests="1" failures="0" timestamp="27 Dec 2022 12:47:43 GMT" time="0.009" errors="0">
  <testcase name="testCase1" time="0.009" classname="testNg.Sample1"/>
</testsuite> <!-- testNg.Sample1 -->
