<?xml version="1.0" encoding="UTF-8"?>
<!-- Generated by org.testng.reporters.JUnitReportReporter -->
<testsuite skipped="0" hostname="sameer" name="testNgPrograms.TestCaseDependency" tests="2" failures="0" timestamp="2023-03-20T17:45:04 IST" time="3.940" errors="0">
  <testcase name="testGoogleLandingPage" time="0.118" classname="testNgPrograms.TestCaseDependency"/>
  <system-out/>
  <testcase name="testSearch" time="3.822" classname="testNgPrograms.TestCaseDependency"/>
  <system-out/>
</testsuite> <!-- testNgPrograms.TestCaseDependency -->
