<?xml version="1.0" encoding="UTF-8"?>
<!-- Generated by org.testng.reporters.JUnitReportReporter -->
<testsuite skipped="0" hostname="sameer" name="testNgPrograms.AnnotationList" tests="2" failures="0" timestamp="2023-03-20T15:14:08 IST" time="0.007" errors="0">
  <testcase name="f5" time="0.001" classname="testNgPrograms.AnnotationList"/>
  <system-out/>
  <testcase name="f12" time="0.006" classname="testNgPrograms.AnnotationList"/>
  <system-out/>
</testsuite> <!-- testNgPrograms.AnnotationList -->
