<?xml version="1.0" encoding="UTF-8"?>
<!-- Generated by org.testng.reporters.JUnitReportReporter -->
<testsuite skipped="0" hostname="sameer" name="testNg.Annotations2" tests="2" failures="0" timestamp="28 Dec 2022 09:31:41 GMT" time="15.716" errors="0">
  <testcase name="taskCreation" time="10.721" classname="testNg.Annotations2"/>
  <testcase name="deleteTask" time="4.995" classname="testNg.Annotations2"/>
</testsuite> <!-- testNg.Annotations2 -->
