<?xml version="1.0" encoding="UTF-8"?>
<!-- Generated by org.testng.reporters.JUnitReportReporter -->
<testsuite hostname="sameer" name="testNgPrograms.TestCaseExecutionControl" tests="3" failures="0" timestamp="1 Mar 2023 06:36:49 GMT" time="0.001" errors="0">
  <testcase name="testCaseCreation" time="0.000" classname="testNgPrograms.TestCaseExecutionControl"/>
  <testcase name="testCaseLogin" time="0.000" classname="testNgPrograms.TestCaseExecutionControl"/>
  <testcase name="testCaseSignup" time="0.001" classname="testNgPrograms.TestCaseExecutionControl"/>
</testsuite> <!-- testNgPrograms.TestCaseExecutionControl -->
