<?xml version="1.0" encoding="UTF-8"?>
<!-- Generated by org.testng.reporters.JUnitReportReporter -->
<testsuite hostname="sameer" name="testNgPrograms.TestCaseDependency" tests="2" failures="0" timestamp="1 Mar 2023 06:36:49 GMT" time="3.973" errors="0">
  <testcase name="testGoogleLandingPage" time="0.021" classname="testNgPrograms.TestCaseDependency"/>
  <testcase name="testSearch" time="3.952" classname="testNgPrograms.TestCaseDependency"/>
</testsuite> <!-- testNgPrograms.TestCaseDependency -->
