<?xml version="1.0" encoding="UTF-8"?>
<!-- Generated by org.testng.reporters.JUnitReportReporter -->
<testsuite hostname="sameer" name="testNgPrograms.GoogleApplicationWithBeforeAfterMethod" tests="2" failures="0" timestamp="1 Mar 2023 06:36:49 GMT" time="20.259" errors="0">
  <testcase name="testGoogleLandingPage" time="4.791" classname="testNgPrograms.GoogleApplicationWithBeforeAfterMethod"/>
  <testcase name="testSearch" time="15.468" classname="testNgPrograms.GoogleApplicationWithBeforeAfterMethod"/>
</testsuite> <!-- testNgPrograms.GoogleApplicationWithBeforeAfterMethod -->
