<?xml version="1.0" encoding="UTF-8"?>
<!-- Generated by org.testng.reporters.JUnitReportReporter -->
<testsuite hostname="sameer" name="testNgPrograms.FirstTestNgWebScript" tests="1" failures="0" timestamp="1 Mar 2023 06:36:49 GMT" time="3.460" errors="0">
  <testcase name="testCase1" time="3.460" classname="testNgPrograms.FirstTestNgWebScript"/>
</testsuite> <!-- testNgPrograms.FirstTestNgWebScript -->
