<?xml version="1.0" encoding="UTF-8"?>
<!-- Generated by org.testng.reporters.JUnitReportReporter -->
<testsuite hostname="sameer" name="testNgPrograms.Annotations3" tests="2" failures="0" timestamp="1 Mar 2023 06:36:49 GMT" time="0.003" errors="0">
  <testcase name="taskCreation" time="0.000" classname="testNgPrograms.Annotations3"/>
  <testcase name="deleteTask" time="0.003" classname="testNgPrograms.Annotations3"/>
</testsuite> <!-- testNgPrograms.Annotations3 -->
