<?xml version="1.0" encoding="UTF-8"?>
<!-- Generated by org.testng.reporters.JUnitReportReporter -->
<testsuite hostname="sameer" name="testNgPrograms.DataProviderExample" tests="6" failures="0" timestamp="1 Mar 2023 06:36:49 GMT" time="17.325" errors="0">
  <testcase name="setData" time="0.000" classname="testNgPrograms.DataProviderExample"/>
  <testcase name="setData" time="0.000" classname="testNgPrograms.DataProviderExample"/>
  <testcase name="testLoginOfVtiger" time="6.907" classname="testNgPrograms.DataProviderExample"/>
  <testcase name="setData" time="0.000" classname="testNgPrograms.DataProviderExample"/>
  <testcase name="testLoginOfVtiger" time="5.073" classname="testNgPrograms.DataProviderExample"/>
  <testcase name="testLoginOfVtiger" time="5.345" classname="testNgPrograms.DataProviderExample"/>
</testsuite> <!-- testNgPrograms.DataProviderExample -->
