<?xml version="1.0" encoding="UTF-8"?>
<!-- Generated by org.testng.reporters.JUnitReportReporter -->
<testsuite hostname="sameer" name="testNgPrograms.Actitime_Priority" tests="4" failures="0" timestamp="1 Mar 2023 06:36:49 GMT" time="0.001" errors="0">
  <testcase name="createTask" time="0.000" classname="testNgPrograms.Actitime_Priority"/>
  <testcase name="logoutClose" time="0.001" classname="testNgPrograms.Actitime_Priority"/>
  <testcase name="openBrowserAndAppURL" time="0.000" classname="testNgPrograms.Actitime_Priority"/>
  <testcase name="login" time="0.000" classname="testNgPrograms.Actitime_Priority"/>
</testsuite> <!-- testNgPrograms.Actitime_Priority -->
