<?xml version="1.0" encoding="UTF-8"?>
<!-- Generated by org.testng.reporters.JUnitReportReporter -->
<testsuite hostname="sameer" name="testNgPrograms.SetTestCaseOrder_Priority" tests="4" failures="0" timestamp="1 Mar 2023 06:36:49 GMT" time="0.000" errors="0">
  <testcase name="testCaseSignup" time="0.000" classname="testNgPrograms.SetTestCaseOrder_Priority"/>
  <testcase name="testCaseDeletion" time="0.000" classname="testNgPrograms.SetTestCaseOrder_Priority"/>
  <testcase name="testCaseLogin" time="0.000" classname="testNgPrograms.SetTestCaseOrder_Priority"/>
  <testcase name="testCaseCreation" time="0.000" classname="testNgPrograms.SetTestCaseOrder_Priority"/>
</testsuite> <!-- testNgPrograms.SetTestCaseOrder_Priority -->
