<?xml version="1.0" encoding="UTF-8"?>
<!-- Generated by org.testng.reporters.JUnitReportReporter -->
<testsuite hostname="sameer" name="testNgPrograms.IncludeAndExcludeTestMethods" tests="3" failures="0" timestamp="1 Mar 2023 06:36:49 GMT" time="0.000" errors="0">
  <testcase name="addEmployeeTestCase" time="0.000" classname="testNgPrograms.IncludeAndExcludeTestMethods"/>
  <testcase name="addDepartmentTestCase" time="0.000" classname="testNgPrograms.IncludeAndExcludeTestMethods"/>
  <testcase name="addLocationTestCase" time="0.000" classname="testNgPrograms.IncludeAndExcludeTestMethods"/>
</testsuite> <!-- testNgPrograms.IncludeAndExcludeTestMethods -->
