<?xml version="1.0" encoding="UTF-8"?>
<!-- Generated by org.testng.reporters.JUnitReportReporter -->
<testsuite hostname="sameer" name="testNgPrograms.Actitime_Enabled" tests="2" failures="0" timestamp="1 Mar 2023 06:36:49 GMT" time="0.000" errors="0">
  <testcase name="openBrowserAndAppURL" time="0.000" classname="testNgPrograms.Actitime_Enabled"/>
  <testcase name="createTask" time="0.000" classname="testNgPrograms.Actitime_Enabled"/>
</testsuite> <!-- testNgPrograms.Actitime_Enabled -->
