<?xml version="1.0" encoding="UTF-8"?>
<!-- Generated by org.testng.reporters.JUnitReportReporter -->
<testsuite hostname="sameer" name="testNgPrograms.Actitime_InvocationCount" tests="10" failures="0" timestamp="1 Mar 2023 06:36:49 GMT" time="0.001" errors="0">
  <testcase name="openBrowserAndAppURL" time="0.000" classname="testNgPrograms.Actitime_InvocationCount"/>
  <testcase name="openBrowserAndAppURL" time="0.000" classname="testNgPrograms.Actitime_InvocationCount"/>
  <testcase name="openBrowserAndAppURL" time="0.001" classname="testNgPrograms.Actitime_InvocationCount"/>
  <testcase name="openBrowserAndAppURL" time="0.000" classname="testNgPrograms.Actitime_InvocationCount"/>
  <testcase name="openBrowserAndAppURL" time="0.000" classname="testNgPrograms.Actitime_InvocationCount"/>
  <testcase name="openBrowserAndAppURL" time="0.000" classname="testNgPrograms.Actitime_InvocationCount"/>
  <testcase name="openBrowserAndAppURL" time="0.000" classname="testNgPrograms.Actitime_InvocationCount"/>
  <testcase name="openBrowserAndAppURL" time="0.000" classname="testNgPrograms.Actitime_InvocationCount"/>
  <testcase name="openBrowserAndAppURL" time="0.000" classname="testNgPrograms.Actitime_InvocationCount"/>
  <testcase name="openBrowserAndAppURL" time="0.000" classname="testNgPrograms.Actitime_InvocationCount"/>
</testsuite> <!-- testNgPrograms.Actitime_InvocationCount -->
