<?xml version="1.0" encoding="UTF-8"?>
<!-- Generated by org.testng.reporters.JUnitReportReporter -->
<testsuite hostname="sameer" name="testNgPrograms.Sample4" tests="3" failures="0" timestamp="1 Mar 2023 06:36:49 GMT" time="0.001" errors="0">
  <testcase name="b_login" time="0.001" classname="testNgPrograms.Sample4"/>
  <testcase name="a_signUp" time="0.000" classname="testNgPrograms.Sample4"/>
  <testcase name="c_compose" time="0.000" classname="testNgPrograms.Sample4"/>
</testsuite> <!-- testNgPrograms.Sample4 -->
