<?xml version="1.0" encoding="UTF-8"?>
<!-- Generated by org.testng.reporters.JUnitReportReporter -->
<testsuite hostname="sameer" name="testNgPrograms.MultipleTestMethodInClass" tests="4" failures="0" timestamp="1 Mar 2023 06:36:49 GMT" time="0.001" errors="0">
  <testcase name="testCaseLogin" time="0.000" classname="testNgPrograms.MultipleTestMethodInClass"/>
  <testcase name="testCaseDeletion" time="0.000" classname="testNgPrograms.MultipleTestMethodInClass"/>
  <testcase name="testCaseSignup" time="0.001" classname="testNgPrograms.MultipleTestMethodInClass"/>
  <testcase name="testCaseCreation" time="0.000" classname="testNgPrograms.MultipleTestMethodInClass"/>
</testsuite> <!-- testNgPrograms.MultipleTestMethodInClass -->
