<?xml version="1.0" encoding="UTF-8"?>
<!-- Generated by org.testng.reporters.JUnitReportReporter -->
<testsuite hostname="sameer" name="testNgPrograms.GroupExamples" tests="5" failures="0" timestamp="1 Mar 2023 06:36:49 GMT" time="0.000" errors="0">
  <testcase name="testCaseFour" time="0.000" classname="testNgPrograms.GroupExamples"/>
  <testcase name="testCaseOne" time="0.000" classname="testNgPrograms.GroupExamples"/>
  <testcase name="testCaseTwo" time="0.000" classname="testNgPrograms.GroupExamples"/>
  <testcase name="testCaseThree" time="0.000" classname="testNgPrograms.GroupExamples"/>
  <testcase name="testCaseFive" time="0.000" classname="testNgPrograms.GroupExamples"/>
</testsuite> <!-- testNgPrograms.GroupExamples -->
