<?xml version="1.0" encoding="UTF-8"?>
<!-- Generated by org.testng.reporters.JUnitReportReporter -->
<testsuite hostname="sameer" name="testNgPrograms.AnnotationList" tests="2" failures="0" timestamp="1 Mar 2023 06:36:49 GMT" time="0.002" errors="0">
  <testcase name="f12" time="0.001" classname="testNgPrograms.AnnotationList"/>
  <testcase name="f5" time="0.001" classname="testNgPrograms.AnnotationList"/>
</testsuite> <!-- testNgPrograms.AnnotationList -->
