<?xml version="1.0" encoding="UTF-8"?>
<!-- Generated by org.testng.reporters.JUnitReportReporter -->
<testsuite hostname="sameer" name="testNgPrograms.ClassLabelAnnotations" tests="4" failures="0" timestamp="1 Mar 2023 06:36:49 GMT" time="0.001" errors="0">
  <testcase name="testCase3" time="0.001" classname="testNgPrograms.ClassLabelAnnotations"/>
  <testcase name="testCase4" time="0.000" classname="testNgPrograms.ClassLabelAnnotations"/>
  <testcase name="testCase1" time="0.000" classname="testNgPrograms.ClassLabelAnnotations"/>
  <testcase name="testCase2" time="0.000" classname="testNgPrograms.ClassLabelAnnotations"/>
</testsuite> <!-- testNgPrograms.ClassLabelAnnotations -->
