<?xml version="1.0" encoding="UTF-8"?>
<!-- Generated by org.testng.reporters.JUnitReportReporter -->
<testsuite hostname="sameer" name="testNgPrograms.TestParallelClassOne" tests="2" failures="0" timestamp="1 Mar 2023 06:36:49 GMT" time="0.000" errors="0">
  <testcase name="testCaseTwo" time="0.000" classname="testNgPrograms.TestParallelClassOne"/>
  <testcase name="testCaseOne" time="0.000" classname="testNgPrograms.TestParallelClassOne"/>
</testsuite> <!-- testNgPrograms.TestParallelClassOne -->
