<?xml version="1.0" encoding="UTF-8"?>
<!-- Generated by org.testng.reporters.JUnitReportReporter -->
<testsuite hostname="sameer" name="testNgPrograms.Actitime_ExceptionAndTimeout" tests="2" failures="0" timestamp="1 Mar 2023 06:36:49 GMT" time="0.545" errors="0">
  <testcase name="executetimeOut" time="0.544" classname="testNgPrograms.Actitime_ExceptionAndTimeout"/>
  <testcase name="dividedByZeroExample1" time="0.001" classname="testNgPrograms.Actitime_ExceptionAndTimeout"/>
</testsuite> <!-- testNgPrograms.Actitime_ExceptionAndTimeout -->
