<?xml version="1.0" encoding="UTF-8"?>
<!-- Generated by org.testng.reporters.JUnitReportReporter -->
<testsuite hostname="sameer" name="testNgPrograms.Sample3" tests="3" failures="0" timestamp="1 Mar 2023 06:36:49 GMT" time="0.000" errors="0">
  <testcase name="login" time="0.000" classname="testNgPrograms.Sample3"/>
  <testcase name="signUp" time="0.000" classname="testNgPrograms.Sample3"/>
  <testcase name="compose" time="0.000" classname="testNgPrograms.Sample3"/>
</testsuite> <!-- testNgPrograms.Sample3 -->
